C:\KINGDOM HEARTS MP\BUILD\KINGDOMHEARTSMP\DEBUG\KINGDOMHEARTSMP.EXE
C:\Kingdom Hearts MP\build\KingdomHeartsMP\Debug\KingdomHeartsMP.exp
C:\KINGDOM HEARTS MP\BUILD\KINGDOMHEARTSMP\DEBUG\KINGDOMHEARTSMP.ILK
C:\Kingdom Hearts MP\build\KingdomHeartsMP\Debug\KingdomHeartsMP.lib
C:\KINGDOM HEARTS MP\BUILD\KINGDOMHEARTSMP\DEBUG\KINGDOMHEARTSMP.PDB
C:\KINGDOM HEARTS MP\BUILD\KINGDOMHEARTSMP\KINGDOMHEARTSMP\DEBUG\ABILITY.OBJ
C:\KINGDOM HEARTS MP\BUILD\KINGDOMHEARTSMP\KINGDOMHEARTSMP\DEBUG\ABILITYMANAGER.OBJ
C:\KINGDOM HEARTS MP\BUILD\KINGDOMHEARTSMP\KINGDOMHEARTSMP\DEBUG\ACTION.OBJ
C:\KINGDOM HEARTS MP\BUILD\KINGDOMHEARTSMP\KINGDOMHEARTSMP\DEBUG\ACTIONHISTORY.OBJ
C:\KINGDOM HEARTS MP\BUILD\KINGDOMHEARTSMP\KINGDOMHEARTSMP\DEBUG\ACTIONLIBRARY.OBJ
C:\KINGDOM HEARTS MP\BUILD\KINGDOMHEARTSMP\KINGDOMHEARTSMP\DEBUG\ANIMATEDLAYER.OBJ
C:\KINGDOM HEARTS MP\BUILD\KINGDOMHEARTSMP\KINGDOMHEARTSMP\DEBUG\ANIMATEDSPRITE.OBJ
C:\KINGDOM HEARTS MP\BUILD\KINGDOMHEARTSMP\KINGDOMHEARTSMP\DEBUG\ANIMATEDTILESET.OBJ
C:\KINGDOM HEARTS MP\BUILD\KINGDOMHEARTSMP\KINGDOMHEARTSMP\DEBUG\ANIMATORCOLLECTION.OBJ
C:\KINGDOM HEARTS MP\BUILD\KINGDOMHEARTSMP\KINGDOMHEARTSMP\DEBUG\APPCONFIGURATION.OBJ
C:\KINGDOM HEARTS MP\BUILD\KINGDOMHEARTSMP\KINGDOMHEARTSMP\DEBUG\ATBTURNGENERATOR.OBJ
C:\KINGDOM HEARTS MP\BUILD\KINGDOMHEARTSMP\KINGDOMHEARTSMP\DEBUG\ATTACK.OBJ
C:\KINGDOM HEARTS MP\BUILD\KINGDOMHEARTSMP\KINGDOMHEARTSMP\DEBUG\BASE64.OBJ
C:\KINGDOM HEARTS MP\BUILD\KINGDOMHEARTSMP\KINGDOMHEARTSMP\DEBUG\BASECHARACTER.OBJ
C:\KINGDOM HEARTS MP\BUILD\KINGDOMHEARTSMP\KINGDOMHEARTSMP\DEBUG\BASEFILEINTERFACE.OBJ
C:\KINGDOM HEARTS MP\BUILD\KINGDOMHEARTSMP\KINGDOMHEARTSMP\DEBUG\BASEMECHANICS.OBJ
C:\KINGDOM HEARTS MP\BUILD\KINGDOMHEARTSMP\KINGDOMHEARTSMP\DEBUG\BASICRMLSCREEN.OBJ
C:\KINGDOM HEARTS MP\BUILD\KINGDOMHEARTSMP\KINGDOMHEARTSMP\DEBUG\BATTLEFIELD.OBJ
C:\KINGDOM HEARTS MP\BUILD\KINGDOMHEARTSMP\KINGDOMHEARTSMP\DEBUG\BATTLERAI.OBJ
C:\KINGDOM HEARTS MP\BUILD\KINGDOMHEARTSMP\KINGDOMHEARTSMP\DEBUG\CAMERA.OBJ
C:\KINGDOM HEARTS MP\BUILD\KINGDOMHEARTSMP\KINGDOMHEARTSMP\DEBUG\CARD.OBJ
C:\KINGDOM HEARTS MP\BUILD\KINGDOMHEARTSMP\KINGDOMHEARTSMP\DEBUG\CHARACTEREQUIPMENTCOMPONENT.OBJ
C:\Kingdom Hearts MP\build\KingdomHeartsMP\KingdomHeartsMP\Debug\cl.command.1.tlog
C:\Kingdom Hearts MP\build\KingdomHeartsMP\KingdomHeartsMP\Debug\CL.read.1.tlog
C:\Kingdom Hearts MP\build\KingdomHeartsMP\KingdomHeartsMP\Debug\CL.write.1.tlog
C:\KINGDOM HEARTS MP\BUILD\KINGDOMHEARTSMP\KINGDOMHEARTSMP\DEBUG\COMPONENT.OBJ
C:\KINGDOM HEARTS MP\BUILD\KINGDOMHEARTSMP\KINGDOMHEARTSMP\DEBUG\COMPRESSIONUTILS.OBJ
C:\KINGDOM HEARTS MP\BUILD\KINGDOMHEARTSMP\KINGDOMHEARTSMP\DEBUG\CONTENTMANAGER.OBJ
C:\KINGDOM HEARTS MP\BUILD\KINGDOMHEARTSMP\KINGDOMHEARTSMP\DEBUG\DECK.OBJ
C:\KINGDOM HEARTS MP\BUILD\KINGDOMHEARTSMP\KINGDOMHEARTSMP\DEBUG\ELEMENTEFFECTIVENESSCOMPONENT.OBJ
C:\KINGDOM HEARTS MP\BUILD\KINGDOMHEARTSMP\KINGDOMHEARTSMP\DEBUG\ELEMENTS.OBJ
C:\KINGDOM HEARTS MP\BUILD\KINGDOMHEARTSMP\KINGDOMHEARTSMP\DEBUG\ELEMENTTRANSFORMER.OBJ
C:\KINGDOM HEARTS MP\BUILD\KINGDOMHEARTSMP\KINGDOMHEARTSMP\DEBUG\ELEMENTTRANSFORMWRAP.OBJ
C:\KINGDOM HEARTS MP\BUILD\KINGDOMHEARTSMP\KINGDOMHEARTSMP\DEBUG\ENGINE.OBJ
C:\KINGDOM HEARTS MP\BUILD\KINGDOMHEARTSMP\KINGDOMHEARTSMP\DEBUG\ENTITY.OBJ
C:\KINGDOM HEARTS MP\BUILD\KINGDOMHEARTSMP\KINGDOMHEARTSMP\DEBUG\EXIT.OBJ
C:\KINGDOM HEARTS MP\BUILD\KINGDOMHEARTSMP\KINGDOMHEARTSMP\DEBUG\FONTCACHE.OBJ
C:\KINGDOM HEARTS MP\BUILD\KINGDOMHEARTSMP\KINGDOMHEARTSMP\DEBUG\FRAMEANIMATION.OBJ
C:\KINGDOM HEARTS MP\BUILD\KINGDOMHEARTSMP\KINGDOMHEARTSMP\DEBUG\GAMEINSTANCE.OBJ
C:\KINGDOM HEARTS MP\BUILD\KINGDOMHEARTSMP\KINGDOMHEARTSMP\DEBUG\GAMEMAP.OBJ
C:\KINGDOM HEARTS MP\BUILD\KINGDOMHEARTSMP\KINGDOMHEARTSMP\DEBUG\GAMETIMEMODULE.OBJ
C:\KINGDOM HEARTS MP\BUILD\KINGDOMHEARTSMP\KINGDOMHEARTSMP\DEBUG\HAND.OBJ
C:\KINGDOM HEARTS MP\BUILD\KINGDOMHEARTSMP\KINGDOMHEARTSMP\DEBUG\INPUTMODULE.OBJ
C:\KINGDOM HEARTS MP\BUILD\KINGDOMHEARTSMP\KINGDOMHEARTSMP\DEBUG\INVENTORY.OBJ
C:\KINGDOM HEARTS MP\BUILD\KINGDOMHEARTSMP\KINGDOMHEARTSMP\DEBUG\ITEM.OBJ
C:\KINGDOM HEARTS MP\BUILD\KINGDOMHEARTSMP\KINGDOMHEARTSMP\DEBUG\ITEMCOMPONENT.OBJ
C:\KINGDOM HEARTS MP\BUILD\KINGDOMHEARTSMP\KINGDOMHEARTSMP\DEBUG\ITEMDATABASE.OBJ
C:\KINGDOM HEARTS MP\BUILD\KINGDOMHEARTSMP\KINGDOMHEARTSMP\DEBUG\KINGDOMHEARTSMP.EXE.INTERMEDIATE.MANIFEST
C:\Kingdom Hearts MP\build\KingdomHeartsMP\KingdomHeartsMP\Debug\KingdomHeartsMP.write.1.tlog
C:\KINGDOM HEARTS MP\BUILD\KINGDOMHEARTSMP\KINGDOMHEARTSMP\DEBUG\LAYER.OBJ
C:\KINGDOM HEARTS MP\BUILD\KINGDOMHEARTSMP\KINGDOMHEARTSMP\DEBUG\LEVELINGTABLE.OBJ
C:\KINGDOM HEARTS MP\BUILD\KINGDOMHEARTSMP\KINGDOMHEARTSMP\DEBUG\LIBROCKETRENDERINTERFACE.OBJ
C:\Kingdom Hearts MP\build\KingdomHeartsMP\KingdomHeartsMP\Debug\link.command.1.tlog
C:\Kingdom Hearts MP\build\KingdomHeartsMP\KingdomHeartsMP\Debug\link.read.1.tlog
C:\Kingdom Hearts MP\build\KingdomHeartsMP\KingdomHeartsMP\Debug\link.write.1.tlog
C:\KINGDOM HEARTS MP\BUILD\KINGDOMHEARTSMP\KINGDOMHEARTSMP\DEBUG\MAIN.OBJ
C:\KINGDOM HEARTS MP\BUILD\KINGDOMHEARTSMP\KINGDOMHEARTSMP\DEBUG\MECHANICS.OBJ
C:\Kingdom Hearts MP\build\KingdomHeartsMP\KingdomHeartsMP\Debug\mt.command.1.tlog
C:\Kingdom Hearts MP\build\KingdomHeartsMP\KingdomHeartsMP\Debug\mt.read.1.tlog
C:\Kingdom Hearts MP\build\KingdomHeartsMP\KingdomHeartsMP\Debug\mt.write.1.tlog
C:\KINGDOM HEARTS MP\BUILD\KINGDOMHEARTSMP\KINGDOMHEARTSMP\DEBUG\OPENGLHELPERS.OBJ
C:\KINGDOM HEARTS MP\BUILD\KINGDOMHEARTSMP\KINGDOMHEARTSMP\DEBUG\PLAYERPARTY.OBJ
C:\KINGDOM HEARTS MP\BUILD\KINGDOMHEARTSMP\KINGDOMHEARTSMP\DEBUG\PLAYFIELD.OBJ
C:\KINGDOM HEARTS MP\BUILD\KINGDOMHEARTSMP\KINGDOMHEARTSMP\DEBUG\PUGIXML.OBJ
C:\KINGDOM HEARTS MP\BUILD\KINGDOMHEARTSMP\KINGDOMHEARTSMP\DEBUG\PYTHONSCRIPTER.OBJ
C:\KINGDOM HEARTS MP\BUILD\KINGDOMHEARTSMP\KINGDOMHEARTSMP\DEBUG\QUEUETURNGENERATOR.OBJ
C:\KINGDOM HEARTS MP\BUILD\KINGDOMHEARTSMP\KINGDOMHEARTSMP\DEBUG\RESOURCELOADIMPORT.OBJ
C:\KINGDOM HEARTS MP\BUILD\KINGDOMHEARTSMP\KINGDOMHEARTSMP\DEBUG\ROCKETMODULE.OBJ
C:\KINGDOM HEARTS MP\BUILD\KINGDOMHEARTSMP\KINGDOMHEARTSMP\DEBUG\ROCKETSYSTEMINTERFACE.OBJ
C:\KINGDOM HEARTS MP\BUILD\KINGDOMHEARTSMP\KINGDOMHEARTSMP\DEBUG\SCALABLECLOCK.OBJ
C:\KINGDOM HEARTS MP\BUILD\KINGDOMHEARTSMP\KINGDOMHEARTSMP\DEBUG\SCREEN.OBJ
C:\KINGDOM HEARTS MP\BUILD\KINGDOMHEARTSMP\KINGDOMHEARTSMP\DEBUG\SCREENMANAGER.OBJ
C:\KINGDOM HEARTS MP\BUILD\KINGDOMHEARTSMP\KINGDOMHEARTSMP\DEBUG\SCREENSTACK.OBJ
C:\KINGDOM HEARTS MP\BUILD\KINGDOMHEARTSMP\KINGDOMHEARTSMP\DEBUG\SECTIONLOOPMUSIC.OBJ
C:\KINGDOM HEARTS MP\BUILD\KINGDOMHEARTSMP\KINGDOMHEARTSMP\DEBUG\SOUNDSYSTEM.OBJ
C:\KINGDOM HEARTS MP\BUILD\KINGDOMHEARTSMP\KINGDOMHEARTSMP\DEBUG\SPRITE.OBJ
C:\KINGDOM HEARTS MP\BUILD\KINGDOMHEARTSMP\KINGDOMHEARTSMP\DEBUG\STATS.OBJ
C:\KINGDOM HEARTS MP\BUILD\KINGDOMHEARTSMP\KINGDOMHEARTSMP\DEBUG\STATSCOMPONENT.OBJ
C:\KINGDOM HEARTS MP\BUILD\KINGDOMHEARTSMP\KINGDOMHEARTSMP\DEBUG\STATSMANAGER.OBJ
C:\KINGDOM HEARTS MP\BUILD\KINGDOMHEARTSMP\KINGDOMHEARTSMP\DEBUG\STATUSEFFECT.OBJ
C:\KINGDOM HEARTS MP\BUILD\KINGDOMHEARTSMP\KINGDOMHEARTSMP\DEBUG\STATUSEFFECTIVENESSCOMPONENT.OBJ
C:\KINGDOM HEARTS MP\BUILD\KINGDOMHEARTSMP\KINGDOMHEARTSMP\DEBUG\STATUSEFFECTSMANAGER.OBJ
C:\KINGDOM HEARTS MP\BUILD\KINGDOMHEARTSMP\KINGDOMHEARTSMP\DEBUG\STATUSEFFECTWEIGHTCOMPONENT.OBJ
C:\KINGDOM HEARTS MP\BUILD\KINGDOMHEARTSMP\KINGDOMHEARTSMP\DEBUG\STOPWATCH.OBJ
C:\KINGDOM HEARTS MP\BUILD\KINGDOMHEARTSMP\KINGDOMHEARTSMP\DEBUG\TEXTURECACHE.OBJ
C:\KINGDOM HEARTS MP\BUILD\KINGDOMHEARTSMP\KINGDOMHEARTSMP\DEBUG\TILEMAP.OBJ
C:\KINGDOM HEARTS MP\BUILD\KINGDOMHEARTSMP\KINGDOMHEARTSMP\DEBUG\TILESET.OBJ
C:\KINGDOM HEARTS MP\BUILD\KINGDOMHEARTSMP\KINGDOMHEARTSMP\DEBUG\TIMER.OBJ
C:\KINGDOM HEARTS MP\BUILD\KINGDOMHEARTSMP\KINGDOMHEARTSMP\DEBUG\TITLESCREEN.OBJ
C:\KINGDOM HEARTS MP\BUILD\KINGDOMHEARTSMP\KINGDOMHEARTSMP\DEBUG\TRIADPLAYER.OBJ
C:\KINGDOM HEARTS MP\BUILD\KINGDOMHEARTSMP\KINGDOMHEARTSMP\DEBUG\TURNGENERATOR.OBJ
C:\KINGDOM HEARTS MP\BUILD\KINGDOMHEARTSMP\KINGDOMHEARTSMP\DEBUG\USECOMPONENTWRAP.OBJ
C:\Kingdom Hearts MP\build\KingdomHeartsMP\KingdomHeartsMP\Debug\vc100.idb
C:\KINGDOM HEARTS MP\BUILD\KINGDOMHEARTSMP\KINGDOMHEARTSMP\DEBUG\VC100.PDB
