Build started 13/08/2012 1:25:45 AM.
     1>Project "C:\Kingdom Hearts MP\build\KingdomHeartsMP\KingdomHeartsMP\KingdomHeartsMP.vcxproj" on node 2 (build target(s)).
     1>InitializeBuildStatus:
         Creating "Debug\KingdomHeartsMP.unsuccessfulbuild" because "AlwaysCreate" was specified.
       ClCompile:
         C:\Program Files (x86)\Microsoft Visual Studio 10.0\VC\bin\CL.exe /c /ZI /nologo /W3 /WX- /Od /Oy- /D _MBCS /Gm /EHsc /RTC1 /MDd /GS /fp:precise /Zc:wchar_t /Zc:forScope /Fo"Debug\\" /Fd"Debug\vc100.pdb" /Gd /TP /analyze- /errorReport:prompt ..\..\..\src\Engine\Caching\TextureCache.cpp /bigobj 
         TextureCache.cpp
     1>c:\kingdom hearts mp\src\engine\caching\cache.h(24): warning C4482: nonstandard extension used: enum 'Cache::GameStyle' used in qualified name
     1>c:\kingdom hearts mp\src\engine\caching\cache.h(25): warning C4482: nonstandard extension used: enum 'Cache::GameStyle' used in qualified name
     1>c:\kingdom hearts mp\src\engine\caching\cache.h(26): warning C4482: nonstandard extension used: enum 'Cache::GameStyle' used in qualified name
     1>c:\kingdom hearts mp\src\engine\caching\cache.h(27): warning C4482: nonstandard extension used: enum 'Cache::GameStyle' used in qualified name
     1>c:\kingdom hearts mp\src\engine\caching\cache.h(28): warning C4482: nonstandard extension used: enum 'Cache::GameStyle' used in qualified name
     1>c:\kingdom hearts mp\src\engine\caching\cache.h(29): warning C4482: nonstandard extension used: enum 'Cache::GameStyle' used in qualified name
     1>c:\kingdom hearts mp\src\engine\caching\cache.h(30): warning C4482: nonstandard extension used: enum 'Cache::GameStyle' used in qualified name
     1>c:\kingdom hearts mp\src\engine\caching\cache.h(31): warning C4482: nonstandard extension used: enum 'Cache::GameStyle' used in qualified name
     1>c:\kingdom hearts mp\src\engine\caching\cache.h(32): warning C4482: nonstandard extension used: enum 'Cache::GameStyle' used in qualified name
     1>c:\kingdom hearts mp\src\engine\caching\cache.h(34): warning C4482: nonstandard extension used: enum 'Cache::GameStyle' used in qualified name
     1>c:\kingdom hearts mp\src\engine\caching\cache.h(35): warning C4482: nonstandard extension used: enum 'Cache::GameStyle' used in qualified name
     1>c:\kingdom hearts mp\src\engine\caching\cache.h(36): warning C4482: nonstandard extension used: enum 'Cache::GameStyle' used in qualified name
     1>c:\kingdom hearts mp\src\engine\caching\cache.h(37): warning C4482: nonstandard extension used: enum 'Cache::GameStyle' used in qualified name
     1>c:\kingdom hearts mp\src\engine\caching\texturecache.cpp(26): warning C4482: nonstandard extension used: enum 'Cache::GameStyle' used in qualified name
     1>c:\kingdom hearts mp\src\engine\caching\texturecache.cpp(26): warning C4482: nonstandard extension used: enum 'Cache::World' used in qualified name
       Link:
         C:\Program Files (x86)\Microsoft Visual Studio 10.0\VC\bin\link.exe /ERRORREPORT:PROMPT /OUT:"C:\Kingdom Hearts MP\build\KingdomHeartsMP\Debug\KingdomHeartsMP.exe" /NOLOGO "sfml-audio-d.lib" "sfml-graphics-d.lib" "sfml-main-d.lib" "sfml-network-d.lib" "sfml-system-d.lib" "sfml-window-d.lib" freetype248MT_D.lib kernel32.lib user32.lib gdi32.lib winspool.lib comdlg32.lib advapi32.lib shell32.lib ole32.lib oleaut32.lib uuid.lib odbc32.lib odbccp32.lib opengl32.lib glu32.lib fmodex_vc.lib ftgl_static.lib RocketCore_d.lib glew32.lib /MANIFEST /ManifestFile:"Debug\KingdomHeartsMP.exe.intermediate.manifest" /MANIFESTUAC:"level='asInvoker' uiAccess='false'" /DEBUG /PDB:"C:\Kingdom Hearts MP\build\KingdomHeartsMP\Debug\KingdomHeartsMP.pdb" /TLBID:1 /DYNAMICBASE /NXCOMPAT /IMPLIB:"C:\Kingdom Hearts MP\build\KingdomHeartsMP\Debug\KingdomHeartsMP.lib" /MACHINE:X86 Debug\SectionLoopMusic.obj
         Debug\SoundSystem.obj
         Debug\FontCache.obj
         Debug\TextureCache.obj
         Debug\CompressionUtils.obj
         Debug\AppConfiguration.obj
         Debug\ContentManager.obj
         Debug\ResourceLoadImport.obj
         Debug\Engine.obj
         Debug\FrameAnimation.obj
         Debug\Camera.obj
         Debug\OpenGLHelpers.obj
         Debug\BaseFileInterface.obj
         Debug\ElementTransformer.obj
         Debug\LibRocketRenderInterface.obj
         Debug\RocketSystemInterface.obj
         Debug\MapViewLayer.obj
         Debug\Screen.obj
         Debug\ScreenManager.obj
         Debug\ScreenStack.obj
         Debug\AnimatedSprite.obj
         Debug\Sprite.obj
         Debug\pugixml.obj
         Debug\AnimatedLayer.obj
         Debug\AnimatedTileSet.obj
         Debug\Exit.obj
         Debug\Layer.obj
         Debug\TileMap.obj
         Debug\TileSet.obj
         Debug\ElementTransformWrap.obj
         Debug\PythonScripter.obj
         Debug\RocketModule.obj
         Debug\InputModule.obj
         Debug\GameTimeModule.obj
         Debug\ScalableClock.obj
         Debug\StopWatch.obj
         Debug\Timer.obj
         Debug\base64.obj
         Debug\Ability.obj
         Debug\AbilityManager.obj
         Debug\Action.obj
         Debug\ActionLibrary.obj
         Debug\Attack.obj
         Debug\ActionHistory.obj
         Debug\BattlerAI.obj
         Debug\BattleField.obj
         Debug\ATBTurnGenerator.obj
         Debug\BaseMechanics.obj
         Debug\Mechanics.obj
         Debug\QueueTurnGenerator.obj
         Debug\TurnGenerator.obj
         Debug\BaseCharacter.obj
         Debug\LevelingTable.obj
         Debug\PlayerParty.obj
         Debug\Stats.obj
         Debug\StatsManager.obj
         Debug\CharacterEquipmentComponent.obj
         Debug\Component.obj
         Debug\ElementEffectivenessComponent.obj
         Debug\ItemComponent.obj
         Debug\StatsComponent.obj
         Debug\StatusEffectivenessComponent.obj
         Debug\Elements.obj
         Debug\Entity.obj
         Debug\GameInstance.obj
         Debug\AnimatorCollection.obj
         Debug\BasicRMLScreen.obj
         Debug\GameMapViewScreen.obj
         Debug\TitleScreen.obj
         Debug\Inventory.obj
         Debug\Item.obj
         Debug\ItemDatabase.obj
         Debug\GameMap.obj
         Debug\card.obj
         Debug\Deck.obj
         Debug\Hand.obj
         Debug\PlayField.obj
         Debug\TriadPlayer.obj
         Debug\UseComponentWrap.obj
         Debug\StatusEffect.obj
         Debug\StatusEffectsManager.obj
         Debug\StatusEffectWeightComponent.obj
         Debug\main.obj
         LINK : C:\Kingdom Hearts MP\build\KingdomHeartsMP\Debug\KingdomHeartsMP.exe not found or not built by the last incremental link; performing full link
            Creating library C:\Kingdom Hearts MP\build\KingdomHeartsMP\Debug\KingdomHeartsMP.lib and object C:\Kingdom Hearts MP\build\KingdomHeartsMP\Debug\KingdomHeartsMP.exp
         KingdomHeartsMP.vcxproj -> C:\Kingdom Hearts MP\build\KingdomHeartsMP\Debug\KingdomHeartsMP.exe
       Manifest:
         C:\Program Files (x86)\Microsoft SDKs\Windows\v7.0A\bin\mt.exe /nologo /verbose /outputresource:"C:\Kingdom Hearts MP\build\KingdomHeartsMP\Debug\KingdomHeartsMP.exe;#1" /manifest Debug\KingdomHeartsMP.exe.intermediate.manifest
       FinalizeBuildStatus:
         Deleting file "Debug\KingdomHeartsMP.unsuccessfulbuild".
         Touching "Debug\KingdomHeartsMP.lastbuildstate".
     1>Done Building Project "C:\Kingdom Hearts MP\build\KingdomHeartsMP\KingdomHeartsMP\KingdomHeartsMP.vcxproj" (build target(s)).

Build succeeded.

Time Elapsed 00:00:05.49
